2023-03-30 14:54:12,255 [INFO] Activator:177 - 


2023-03-30 14:54:12,259 [INFO] Activator:178 - !SESSION log4j initialized
2023-03-30 14:54:25,465 [INFO] McuFinderGlobals:44 - Set McuFinder mode to 2 (CubeIDE integrated)
2023-03-30 14:54:26,896 [INFO] ApplicationProperties:181 - Using Application install path: C:\ST\STM32CubeIDE_1.4.0\STM32CubeIDE\plugins\com.st.stm32cube.common.mx_6.6.1.202207061420
2023-03-30 14:54:26,932 [INFO] DbMcusXml:77 - Set database path to: C:\ST\STM32CubeIDE_1.4.0\STM32CubeIDE\plugins\com.st.stm32cube.common.mx_6.6.1.202207061420\\db\/mcu/
2023-03-30 14:54:26,933 [INFO] ApiDb:269 - Set plugin database path to: C:\ST\STM32CubeIDE_1.4.0\STM32CubeIDE\plugins\com.st.stm32cube.common.mx_6.6.1.202207061420\\db\/plugins/boardmanager/
2023-03-30 14:54:26,937 [WARN] ApiDb:254 - Overriding images path with different value:  => C:\ST\STM32CubeIDE_1.4.0\STM32CubeIDE\plugins\com.st.stm32cube.common.mx_6.6.1.202207061420\\db\/plugins/mcufinder/images/
2023-03-30 14:54:26,970 [INFO] ApiDb:249 - Set database path to: C:\Users\MOSTAFA\.stmcufinder\plugins\mcufinder//mcu/
2023-03-30 14:54:26,992 [INFO] DbMcusAds:124 - Set database path to: C:\Users\MOSTAFA\.stmcufinder\plugins\mcufinder//mcu/
2023-03-30 14:54:26,999 [INFO] CrossReferenceDbSqlite:201 - Set database path to: C:\Users\MOSTAFA\.stmcufinder\plugins\mcufinder//mcu/cs/
2023-03-30 14:54:27,241 [INFO] RulesReader:61 - Compatibility file has been processed (282 Rules)
2023-03-30 14:54:27,578 [INFO] DbMcusXml:77 - Set database path to: C:\ST\STM32CubeIDE_1.4.0\STM32CubeIDE\plugins\com.st.stm32cube.common.mx_6.6.1.202207061420\\db\/mcu/
2023-03-30 14:54:27,579 [INFO] ApiDb:269 - Set plugin database path to: C:\ST\STM32CubeIDE_1.4.0\STM32CubeIDE\plugins\com.st.stm32cube.common.mx_6.6.1.202207061420\\db\/plugins/boardmanager/
2023-03-30 14:54:27,580 [INFO] ApiDb:256 - Set plugin images path to: C:\ST\STM32CubeIDE_1.4.0\STM32CubeIDE\plugins\com.st.stm32cube.common.mx_6.6.1.202207061420\\db\/plugins/mcufinder/images/
2023-03-30 14:54:27,581 [WARN] DbFile:40 - Overriding database path with different value: C:\Users\MOSTAFA\.stmcufinder\plugins\mcufinder/ => C:\Users\MOSTAFA\.stmcufinder\plugins\mcufinder
2023-03-30 14:54:27,581 [INFO] ApiDb:249 - Set database path to: C:\Users\MOSTAFA\.stmcufinder\plugins\mcufinder//mcu/
2023-03-30 14:54:27,581 [WARN] DbFile:40 - Overriding database path with different value: C:\Users\MOSTAFA\.stmcufinder\plugins\mcufinder/ => C:\Users\MOSTAFA\.stmcufinder\plugins\mcufinder
2023-03-30 14:54:27,582 [INFO] DbMcusAds:124 - Set database path to: C:\Users\MOSTAFA\.stmcufinder\plugins\mcufinder//mcu/
2023-03-30 14:54:27,583 [WARN] DbFile:40 - Overriding database path with different value: C:\Users\MOSTAFA\.stmcufinder\plugins\mcufinder/ => C:\Users\MOSTAFA\.stmcufinder\plugins\mcufinder
2023-03-30 14:54:27,584 [WARN] DbFile:40 - Overriding database path with different value: C:\Users\MOSTAFA\.stmcufinder\plugins\mcufinder/ => C:\Users\MOSTAFA\.stmcufinder\plugins\mcufinder
2023-03-30 14:54:27,584 [INFO] CrossReferenceDbSqlite:201 - Set database path to: C:\Users\MOSTAFA\.stmcufinder\plugins\mcufinder//mcu/cs/
2023-03-30 14:54:27,764 [INFO] MainPanel:242 - HeapMemory: 268435456
2023-03-30 14:54:27,940 [INFO] DbMcusXml:77 - Set database path to: C:\ST\STM32CubeIDE_1.4.0\STM32CubeIDE\plugins\com.st.stm32cube.common.mx_6.6.1.202207061420\\db\/mcu/
2023-03-30 14:54:27,941 [INFO] ApiDb:269 - Set plugin database path to: C:\ST\STM32CubeIDE_1.4.0\STM32CubeIDE\plugins\com.st.stm32cube.common.mx_6.6.1.202207061420\\db\/plugins/boardmanager/
2023-03-30 14:54:27,942 [INFO] ApiDb:256 - Set plugin images path to: C:\ST\STM32CubeIDE_1.4.0\STM32CubeIDE\plugins\com.st.stm32cube.common.mx_6.6.1.202207061420\\db\/plugins/mcufinder/images/
2023-03-30 14:54:27,943 [WARN] DbFile:40 - Overriding database path with different value: C:\Users\MOSTAFA\.stmcufinder\plugins\mcufinder/ => C:\Users\MOSTAFA\.stmcufinder\plugins\mcufinder
2023-03-30 14:54:27,943 [INFO] ApiDb:249 - Set database path to: C:\Users\MOSTAFA\.stmcufinder\plugins\mcufinder//mcu/
2023-03-30 14:54:27,944 [WARN] DbFile:40 - Overriding database path with different value: C:\Users\MOSTAFA\.stmcufinder\plugins\mcufinder/ => C:\Users\MOSTAFA\.stmcufinder\plugins\mcufinder
2023-03-30 14:54:27,944 [INFO] DbMcusAds:124 - Set database path to: C:\Users\MOSTAFA\.stmcufinder\plugins\mcufinder//mcu/
2023-03-30 14:54:27,945 [WARN] DbFile:40 - Overriding database path with different value: C:\Users\MOSTAFA\.stmcufinder\plugins\mcufinder/ => C:\Users\MOSTAFA\.stmcufinder\plugins\mcufinder
2023-03-30 14:54:27,945 [WARN] DbFile:40 - Overriding database path with different value: C:\Users\MOSTAFA\.stmcufinder\plugins\mcufinder/ => C:\Users\MOSTAFA\.stmcufinder\plugins\mcufinder
2023-03-30 14:54:27,946 [INFO] CrossReferenceDbSqlite:201 - Set database path to: C:\Users\MOSTAFA\.stmcufinder\plugins\mcufinder//mcu/cs/
2023-03-30 14:54:28,002 [INFO] ApplicationProperties:181 - Using Application install path: C:\ST\STM32CubeIDE_1.4.0\STM32CubeIDE\plugins\com.st.stm32cube.common.mx_6.6.1.202207061420
2023-03-30 14:54:28,005 [INFO] PluginManage:193 - Search for loadable plugins [exclusion list=, ]
2023-03-30 14:54:28,008 [INFO] PluginManage:307 - Check plugin analytics
2023-03-30 14:54:28,326 [INFO] AnalyticsPlugin:262 - Accepted Software Licenses: 
2023-03-30 14:54:28,328 [INFO] AnalyticsPlugin:264 - Accepted CMSIS Pack Licenses: 
2023-03-30 14:54:28,329 [INFO] AnalyticsPlugin:266 - Accepted Firmware Licenses: 
2023-03-30 14:54:28,356 [INFO] PluginManage:356 - Loaded plugin analytics (category:tool,tabindex:-1)
2023-03-30 14:54:28,357 [INFO] PluginManage:307 - Check plugin cadmodel
2023-03-30 14:54:28,365 [INFO] CADModel:65 - Init CAD model plugin
2023-03-30 14:54:28,366 [INFO] PluginManage:356 - Loaded plugin cadmodel (category:power,tabindex:5)
2023-03-30 14:54:28,366 [INFO] PluginManage:307 - Check plugin clock
2023-03-30 14:54:28,382 [INFO] PluginManage:356 - Loaded plugin clock (category:base,tabindex:2)
2023-03-30 14:54:28,383 [INFO] PluginManage:307 - Check plugin ddr
2023-03-30 14:54:28,386 [INFO] PluginManage:356 - Loaded plugin ddr (category:tool,tabindex:6)
2023-03-30 14:54:28,387 [INFO] PluginManage:307 - Check plugin filemanager
2023-03-30 14:54:28,686 [INFO] PluginManage:356 - Loaded plugin filemanager (category:base,tabindex:10)
2023-03-30 14:54:28,686 [INFO] PluginManage:307 - Check plugin ipmanager
2023-03-30 14:54:28,706 [INFO] PluginManage:356 - Loaded plugin ipmanager (category:base,tabindex:5)
2023-03-30 14:54:28,706 [INFO] PluginManage:307 - Check plugin lpbam
2023-03-30 14:54:28,723 [INFO] PluginManage:356 - Loaded plugin lpbam (category:base,tabindex:0)
2023-03-30 14:54:28,723 [INFO] PluginManage:307 - Check plugin pinoutandconfiguration
2023-03-30 14:54:28,744 [INFO] PluginManage:356 - Loaded plugin pinoutandconfiguration (category:base,tabindex:1)
2023-03-30 14:54:28,744 [INFO] PluginManage:307 - Check plugin pinoutconfig
2023-03-30 14:54:28,803 [INFO] PluginManage:356 - Loaded plugin pinoutconfig (category:base,tabindex:0)
2023-03-30 14:54:28,804 [INFO] PluginManage:307 - Check plugin power
2023-03-30 14:54:28,829 [INFO] PluginManage:356 - Loaded plugin power (category:power,tabindex:4)
2023-03-30 14:54:28,830 [INFO] PluginManage:307 - Check plugin projectmanager
2023-03-30 14:54:28,858 [INFO] PluginManage:356 - Loaded plugin projectmanager (category:projectmanager,tabindex:3)
2023-03-30 14:54:28,859 [INFO] PluginManage:307 - Check plugin thirdparty
2023-03-30 14:54:29,203 [INFO] PluginManage:356 - Loaded plugin thirdparty (category:base,tabindex:-1)
2023-03-30 14:54:29,204 [INFO] PluginManage:307 - Check plugin tools
2023-03-30 14:54:29,210 [INFO] PluginManage:356 - Loaded plugin tools (category:base,tabindex:7)
2023-03-30 14:54:29,211 [INFO] PluginManage:307 - Check plugin tutovideos
2023-03-30 14:54:29,224 [WARN] IntegrityCheckThread:82 - waiting for thirdparty lock release [integrity check]
2023-03-30 14:54:29,225 [INFO] IntegrityCheckThread:84 - entering critical section [integrity check]
2023-03-30 14:54:29,229 [INFO] ThirdPartyUpdaterWithRetryManager:70 - Updater plugin not ready yet. [1/15]
2023-03-30 14:54:29,607 [INFO] PluginManage:356 - Loaded plugin tutovideos (category:base,tabindex:-1)
2023-03-30 14:54:29,607 [INFO] PluginManage:307 - Check plugin updater
2023-03-30 14:54:29,645 [INFO] PluginManage:356 - Loaded plugin updater (category:base,tabindex:12)
2023-03-30 14:54:29,647 [INFO] PluginManage:280 - PluginManage : Loaded plugins [15]
2023-03-30 14:54:30,340 [INFO] PinOutPanel:1468 - setPackage(No Configuration,No Configuration)
2023-03-30 14:54:30,533 [INFO] CADModel:98 - CPN selected for project level
2023-03-30 14:54:30,567 [INFO] IPUIPlugin:79 - create IPUIPlugin
2023-03-30 14:54:30,568 [INFO] PluginManager:217 - loadIPPluginJar : add adc
2023-03-30 14:54:30,573 [INFO] IPUIPlugin:79 - create IPUIPlugin
2023-03-30 14:54:30,574 [INFO] PluginManager:217 - loadIPPluginJar : add aes
2023-03-30 14:54:30,580 [INFO] IPUIPlugin:79 - create IPUIPlugin
2023-03-30 14:54:30,581 [INFO] PluginManager:217 - loadIPPluginJar : add can
2023-03-30 14:54:30,585 [INFO] IPUIPlugin:79 - create IPUIPlugin
2023-03-30 14:54:30,586 [INFO] PluginManager:217 - loadIPPluginJar : add comp
2023-03-30 14:54:30,591 [INFO] IPUIPlugin:79 - create IPUIPlugin
2023-03-30 14:54:30,592 [INFO] PluginManager:217 - loadIPPluginJar : add cryp
2023-03-30 14:54:30,598 [INFO] IPUIPlugin:79 - create IPUIPlugin
2023-03-30 14:54:30,599 [INFO] PluginManager:217 - loadIPPluginJar : add dfsdm
2023-03-30 14:54:30,611 [INFO] IPUIPlugin:79 - create IPUIPlugin
2023-03-30 14:54:30,612 [INFO] PluginManager:217 - loadIPPluginJar : add dma
2023-03-30 14:54:30,618 [INFO] IPUIPlugin:79 - create IPUIPlugin
2023-03-30 14:54:30,619 [INFO] PluginManager:217 - loadIPPluginJar : add dma3
2023-03-30 14:54:30,622 [INFO] IPUIPlugin:79 - create IPUIPlugin
2023-03-30 14:54:30,623 [INFO] PluginManager:217 - loadIPPluginJar : add fatfs
2023-03-30 14:54:30,632 [INFO] IPUIPlugin:79 - create IPUIPlugin
2023-03-30 14:54:30,633 [INFO] PluginManager:217 - loadIPPluginJar : add fmc
2023-03-30 14:54:30,644 [INFO] IPUIPlugin:79 - create IPUIPlugin
2023-03-30 14:54:30,645 [INFO] PluginManager:217 - loadIPPluginJar : add freertos
2023-03-30 14:54:30,648 [INFO] IPUIPlugin:79 - create IPUIPlugin
2023-03-30 14:54:30,648 [INFO] PluginManager:217 - loadIPPluginJar : add genericplugin
2023-03-30 14:54:30,652 [INFO] IPUIPlugin:79 - create IPUIPlugin
2023-03-30 14:54:30,652 [INFO] PluginManager:217 - loadIPPluginJar : add gfxmmu
2023-03-30 14:54:30,662 [INFO] IPUIPlugin:79 - create IPUIPlugin
2023-03-30 14:54:30,663 [INFO] PluginManager:217 - loadIPPluginJar : add gic
2023-03-30 14:54:30,674 [INFO] IPUIPlugin:79 - create IPUIPlugin
2023-03-30 14:54:30,675 [INFO] PluginManager:217 - loadIPPluginJar : add gpio
2023-03-30 14:54:30,681 [INFO] IPUIPlugin:79 - create IPUIPlugin
2023-03-30 14:54:30,682 [INFO] PluginManager:217 - loadIPPluginJar : add gtzc
2023-03-30 14:54:30,688 [INFO] IPUIPlugin:79 - create IPUIPlugin
2023-03-30 14:54:30,688 [INFO] PluginManager:217 - loadIPPluginJar : add hash
2023-03-30 14:54:30,695 [INFO] IPUIPlugin:79 - create IPUIPlugin
2023-03-30 14:54:30,695 [INFO] PluginManager:217 - loadIPPluginJar : add i2c
2023-03-30 14:54:30,702 [INFO] IPUIPlugin:79 - create IPUIPlugin
2023-03-30 14:54:30,703 [INFO] PluginManager:217 - loadIPPluginJar : add i2s
2023-03-30 14:54:30,710 [INFO] IPUIPlugin:79 - create IPUIPlugin
2023-03-30 14:54:30,711 [INFO] PluginManager:217 - loadIPPluginJar : add ipddr
2023-03-30 14:54:30,725 [INFO] IPUIPlugin:79 - create IPUIPlugin
2023-03-30 14:54:30,726 [INFO] PluginManager:217 - loadIPPluginJar : add linkedlist
2023-03-30 14:54:30,732 [INFO] IPUIPlugin:79 - create IPUIPlugin
2023-03-30 14:54:30,733 [INFO] PluginManager:217 - loadIPPluginJar : add lorawan
2023-03-30 14:54:30,735 [INFO] IPUIPlugin:79 - create IPUIPlugin
2023-03-30 14:54:30,736 [INFO] PluginManager:217 - loadIPPluginJar : add ltdc
2023-03-30 14:54:30,748 [INFO] IPUIPlugin:79 - create IPUIPlugin
2023-03-30 14:54:30,749 [INFO] PluginManager:217 - loadIPPluginJar : add mdma
2023-03-30 14:54:30,757 [INFO] IPUIPlugin:79 - create IPUIPlugin
2023-03-30 14:54:30,758 [INFO] PluginManager:217 - loadIPPluginJar : add nvic
2023-03-30 14:54:30,764 [INFO] IPUIPlugin:79 - create IPUIPlugin
2023-03-30 14:54:30,764 [INFO] PluginManager:217 - loadIPPluginJar : add opamp
2023-03-30 14:54:30,771 [INFO] IPUIPlugin:79 - create IPUIPlugin
2023-03-30 14:54:30,771 [INFO] PluginManager:217 - loadIPPluginJar : add openamp
2023-03-30 14:54:30,777 [INFO] IPUIPlugin:79 - create IPUIPlugin
2023-03-30 14:54:30,778 [INFO] PluginManager:217 - loadIPPluginJar : add pdm2pcm
2023-03-30 14:54:30,792 [INFO] IPUIPlugin:79 - create IPUIPlugin
2023-03-30 14:54:30,798 [INFO] PluginManager:217 - loadIPPluginJar : add plateformsettings
2023-03-30 14:54:30,803 [INFO] IPUIPlugin:79 - create IPUIPlugin
2023-03-30 14:54:30,803 [INFO] PluginManager:217 - loadIPPluginJar : add quadspi
2023-03-30 14:54:30,812 [INFO] IPUIPlugin:79 - create IPUIPlugin
2023-03-30 14:54:30,813 [INFO] PluginManager:217 - loadIPPluginJar : add resmgrutility
2023-03-30 14:54:30,857 [INFO] IPUIPlugin:79 - create IPUIPlugin
2023-03-30 14:54:30,857 [INFO] PluginManager:217 - loadIPPluginJar : add sai
2023-03-30 14:54:30,865 [INFO] IPUIPlugin:79 - create IPUIPlugin
2023-03-30 14:54:30,866 [INFO] PluginManager:217 - loadIPPluginJar : add spi
2023-03-30 14:54:30,876 [INFO] IPUIPlugin:79 - create IPUIPlugin
2023-03-30 14:54:30,882 [INFO] PluginManager:217 - loadIPPluginJar : add stm32_wpan
2023-03-30 14:54:30,903 [INFO] IPUIPlugin:79 - create IPUIPlugin
2023-03-30 14:54:30,904 [INFO] PluginManager:217 - loadIPPluginJar : add tim
2023-03-30 14:54:30,915 [INFO] IPUIPlugin:79 - create IPUIPlugin
2023-03-30 14:54:30,915 [INFO] PluginManager:217 - loadIPPluginJar : add touchsensing
2023-03-30 14:54:30,931 [INFO] IPUIPlugin:79 - create IPUIPlugin
2023-03-30 14:54:30,934 [INFO] PluginManager:217 - loadIPPluginJar : add tracer_emb
2023-03-30 14:54:30,939 [INFO] IPUIPlugin:79 - create IPUIPlugin
2023-03-30 14:54:30,940 [INFO] PluginManager:217 - loadIPPluginJar : add ts
2023-03-30 14:54:30,945 [INFO] IPUIPlugin:79 - create IPUIPlugin
2023-03-30 14:54:30,946 [INFO] PluginManager:217 - loadIPPluginJar : add tsc
2023-03-30 14:54:30,951 [INFO] IPUIPlugin:79 - create IPUIPlugin
2023-03-30 14:54:30,951 [INFO] PluginManager:217 - loadIPPluginJar : add ucpd
2023-03-30 14:54:30,957 [INFO] IPUIPlugin:79 - create IPUIPlugin
2023-03-30 14:54:30,958 [INFO] PluginManager:217 - loadIPPluginJar : add usart
2023-03-30 14:54:30,966 [INFO] IPUIPlugin:79 - create IPUIPlugin
2023-03-30 14:54:30,968 [INFO] PluginManager:217 - loadIPPluginJar : add usbx
2023-03-30 14:54:31,469 [FATAL] Updater:301 - Updater called before beeing initialized
2023-03-30 14:54:31,879 [FATAL] Updater:301 - Updater called before beeing initialized
2023-03-30 14:54:31,893 [INFO] DbMcusAds:52 - JSON generation date=Tue Mar 07 10:50:55 EET 2023 (1678179055335)
2023-03-30 14:54:31,894 [FATAL] Updater:301 - Updater called before beeing initialized
2023-03-30 14:54:31,961 [WARN] DetailPanel:344 - Failed to get advertising image, set to default
2023-03-30 14:54:32,200 [FATAL] Updater:301 - Updater called before beeing initialized
2023-03-30 14:54:32,203 [FATAL] Updater:301 - Updater called before beeing initialized
2023-03-30 14:54:32,204 [FATAL] Updater:301 - Updater called before beeing initialized
2023-03-30 14:54:32,204 [WARN] DetailPanel:344 - Failed to get advertising image, set to default
2023-03-30 14:54:32,205 [FATAL] Updater:301 - Updater called before beeing initialized
2023-03-30 14:54:32,239 [INFO] ThirdPartyUpdaterWithRetryManager:70 - Updater plugin not ready yet. [2/15]
2023-03-30 14:54:32,324 [ERROR] Updater:1105 - MainUpdater not yet initialized. External WinMGr cannot be set.
2023-03-30 14:54:32,328 [INFO] Updater:1041 - Updater Version found : 6.6.1
2023-03-30 14:54:32,355 [INFO] ApplicationProperties:181 - Using Application install path: C:\ST\STM32CubeIDE_1.4.0\STM32CubeIDE\plugins\com.st.stm32cube.common.mx_6.6.1.202207061420
2023-03-30 14:54:32,790 [INFO] MainUpdater:2768 - connection check result : 10
2023-03-30 14:54:32,792 [INFO] MainUpdater:280 - Updater Check For Update Now.
2023-03-30 14:54:32,793 [INFO] MicroXplorer:481 - Change Database Version : DB.6.0.60
2023-03-30 14:54:33,129 [INFO] CheckServerUpdateThread:119 - End of CheckServer Thread
2023-03-30 14:54:33,224 [INFO] MainUpdater:2768 - connection check result : 10
2023-03-30 14:54:33,834 [INFO] McuFinderGlobals:57 - Set McuFinderConnectedMode to true
2023-03-30 14:54:33,852 [INFO] MultiScanPanel:195 - Auto-refresh data requested => check proxy status ongoing
2023-03-30 14:54:33,861 [INFO] FinderPluginLoader:92 - Searching for filters in installed packs
2023-03-30 14:54:34,067 [INFO] ApiDb:576 - Connected to CubeFinder SQLite database (C:\Users\MOSTAFA\.stmcufinder\plugins\mcufinder\mcu\cube-finder-db.db)
2023-03-30 14:54:34,289 [INFO] ApiDb:663 - CubeFinder database Data Model version=2.1
2023-03-30 14:54:34,290 [INFO] ApiDb:664 - CubeFinder database Configuration version=3.0.35
2023-03-30 14:54:34,291 [INFO] ApiDb:665 - CubeFinder database generation date=2023-03-10 (1678456172)
2023-03-30 14:54:34,292 [INFO] ApiDb:666 - CubeFinder database FW Pack versions=[FP-ATR-ASTRA1_V1.1.1, STM32Cube_FW_C0_V1.0.1, STM32Cube_FW_F0_V1.11.4, STM32Cube_FW_F3_V1.11.4, STM32Cube_FW_F4_V1.27.1, STM32Cube_FW_F7_V1.17.0, STM32Cube_FW_G0_V1.6.1, STM32Cube_FW_G4_V1.5.1, STM32Cube_FW_H5_V0.5.1, STM32Cube_FW_H5_V1.0.0, STM32Cube_FW_H7_V1.11.0, STM32Cube_FW_L0_V1.12.2, STM32Cube_FW_L5_V1.5.0, STM32Cube_FW_U5_V1.2.0, STM32Cube_FW_WBA_V1.0.0, STM32Cube_FW_WBA_V1.0.0RC1, STM32Cube_FW_WBA_V1.0.0RC3, STM32Cube_FW_WB_V1.15.0RC1, STM32Cube_FW_WB_V1.16.0, STM32Cube_FW_WB_V1.16.0RC2, STM32Cube_FW_WL_V1.3.0, X-CUBE-ALGOBUILD_V1.3.0, X-CUBE-ALS_V1.0.1, X-CUBE-AZRTOS-F4_V1.1.0, X-CUBE-AZRTOS-F7_V1.1.0, X-CUBE-AZRTOS-G0_V1.1.0, X-CUBE-AZRTOS-G4_V1.0.0, X-CUBE-AZRTOS-H7_V3.0.0, X-CUBE-AZRTOS-L4_V1.0.0, X-CUBE-AZRTOS-L5_V1.1.0, X-CUBE-AZRTOS-WB_V1.1.0, X-CUBE-AZRTOS-WL_V1.0.0, X-CUBE-BLE1_V6.2.4, X-CUBE-BLE2_V3.3.0, X-CUBE-BLEMGR_V1.3.0, X-CUBE-EEPRMA1_V4.1.0, X-CUBE-GNSS1_V6.0.0, X-CUBE-MEMS1_V9.1.0, X-CUBE-MEMS1_V9.4.0, X-CUBE-MEMS1_V9.5.0, X-CUBE-NFC4_V3.0.0, X-CUBE-NFC7_V1.0.0, X-CUBE-SFXS2LP1_V4.0.0, X-CUBE-SUBG2_V5.0.0]
2023-03-30 14:54:35,917 [WARN] PackLoader:242 - Cannot read IP mode file for STMicroelectronics.X-CUBE-AZRTOS-F4.1.1.0
2023-03-30 14:54:35,963 [WARN] PackLoader:242 - Cannot read IP mode file for STMicroelectronics.X-CUBE-BLEMGR.1.2.0
2023-03-30 14:54:36,017 [WARN] PackLoader:242 - Cannot read IP mode file for STMicroelectronics.X-CUBE-BLE1.6.2.4
2023-03-30 14:54:36,041 [WARN] PackLoader:242 - Cannot read IP mode file for STMicroelectronics.X-CUBE-BLEMGR.2.0.0
2023-03-30 14:54:36,078 [WARN] PackLoader:242 - Cannot read IP mode file for STMicroelectronics.X-CUBE-DISPLAY.3.0.0
2023-03-30 14:54:36,109 [WARN] PackLoader:242 - Cannot read IP mode file for STMicroelectronics.X-CUBE-EEPRMA1.4.1.0
2023-03-30 14:54:36,164 [WARN] PackLoader:242 - Cannot read IP mode file for WES.I-CUBE-Cesium.1.3.0
2023-03-30 14:54:36,195 [WARN] PackLoader:242 - Cannot read IP mode file for STMicroelectronics.X-CUBE-TOF1.3.2.0
2023-03-30 14:54:36,343 [WARN] PackLoader:242 - Cannot read IP mode file for STMicroelectronics.X-CUBE-AZRTOS-H7.3.0.0
2023-03-30 14:54:36,361 [WARN] PackLoader:242 - Cannot read IP mode file for STMicroelectronics.X-CUBE-ISPU.1.0.0
2023-03-30 14:54:36,371 [WARN] PackLoader:242 - Cannot read IP mode file for STMicroelectronics.X-CUBE-ISPU.1.1.0
2023-03-30 14:54:36,382 [WARN] PackLoader:242 - Cannot read IP mode file for STMicroelectronics.X-CUBE-AI.8.0.0
2023-03-30 14:54:36,398 [WARN] PackLoader:242 - Cannot read IP mode file for STMicroelectronics.X-CUBE-FREERTOS.1.0.0
2023-03-30 14:54:36,408 [WARN] PackLoader:242 - Cannot read IP mode file for STMicroelectronics.X-CUBE-TOUCHGFX.4.21.1
2023-03-30 14:54:36,432 [WARN] PackLoader:242 - Cannot read IP mode file for STMicroelectronics.X-CUBE-TOUCHGFX.4.21.3
2023-03-30 14:54:36,438 [WARN] PackLoader:242 - Cannot read IP mode file for STMicroelectronics.X-CUBE-AI.7.3.0
2023-03-30 14:54:36,482 [WARN] PackLoader:242 - Cannot read IP mode file for STMicroelectronics.X-CUBE-AZRTOS-L5.1.1.0
2023-03-30 14:54:36,499 [WARN] PackLoader:242 - Cannot read IP mode file for STMicroelectronics.X-CUBE-NFC4.3.0.0
2023-03-30 14:54:36,522 [WARN] PackLoader:242 - Cannot read IP mode file for STMicroelectronics.X-CUBE-TOF1.3.3.0
2023-03-30 14:54:36,605 [WARN] PackLoader:242 - Cannot read IP mode file for STMicroelectronics.FP-ATR-ASTRA1.1.1.1
2023-03-30 14:54:36,623 [WARN] PackLoader:242 - Cannot read IP mode file for STMicroelectronics.X-CUBE-BLEMGR.1.3.0
2023-03-30 14:54:36,636 [WARN] PackLoader:242 - Cannot read IP mode file for STMicroelectronics.FP-ATR-SIGFOX1.3.2.0
2023-03-30 14:54:36,861 [WARN] PackLoader:242 - Cannot read IP mode file for STMicroelectronics.X-CUBE-MEMS1.9.5.0
2023-03-30 14:54:37,381 [WARN] PackLoader:242 - Cannot read IP mode file for STMicroelectronics.X-CUBE-AZRTOS-WB.1.1.0
2023-03-30 14:54:37,475 [WARN] PackLoader:242 - Cannot read IP mode file for SEGGER.I-CUBE-embOS.1.3.1
2023-03-30 14:54:37,603 [INFO] ThirdParty:929 - Integrity check success = true
2023-03-30 14:54:37,603 [INFO] IntegrityCheckThread:98 - exiting critical section [integrity check]
2023-03-30 14:54:37,603 [INFO] IntegrityCheckThread:101 - End integrity checks thread
2023-03-30 14:54:39,825 [INFO] ApiDb:239 - Found 138 in-development CPN: [B-WB1M-WPAN1, NUCLEO-C031C6, STEVAL-STWINBX1, STM320518-EVAL, STM32C0116-DK, STM32C011D6Y3TR, STM32C011D6Y6TR, STM32C011F4P3, STM32C011F4P6, STM32C011F4U3, STM32C011F4U6TR, STM32C011F6P3, STM32C011F6P6, STM32C011F6U3, STM32C011F6U6TR, STM32C011J4M3, STM32C011J4M6, STM32C011J6M3, STM32C011J6M6, STM32C0316-DK, STM32C031C4T3, STM32C031C4T6, STM32C031C4U3, STM32C031C4U6, STM32C031C6T3, STM32C031C6T6, STM32C031C6U3, STM32C031C6U6, STM32C031F4P3, STM32C031F4P6, STM32C031F6P3, STM32C031F6P6, STM32C031G4U3, STM32C031G4U6, STM32C031G6U3, STM32C031G6U6, STM32C031K4T3, STM32C031K4T6, STM32C031K4U3, STM32C031K4U6, STM32C031K6T3, STM32C031K6T6, STM32C031K6U3, STM32C031K6U6, STM32G071K8TXN, STM32G071K8UXN, STM32G081GBU6N, STM32G081KBT6N, STM32G081KBUXN, STM32G0B1CCT6N, STM32G0B1KCT6, STM32G0B1NEY6TR, STM32G0B1RCT6N, STM32G0C1CCT6, STM32G0C1CCT6N, STM32G0C1CCU6N, STM32G0C1CET6N, STM32G0C1CEU6N, STM32G0C1KCT6, STM32G0C1NEY6TR, STM32G0C1RCI6N, STM32G0C1RCT6N, STM32G0C1REI6N, STM32G0C1RET6N, STM32G0C1VCI6, STM32G0C1VEI6, STM32G471CCT6, STM32G471CCU6, STM32G471CET3, STM32G471CET6, STM32G471CEU3, STM32G471CEU6, STM32G471MCT6, STM32G471MET3, STM32G471MET6, STM32G471MEY6TR, STM32G471QCT6, STM32G471QET3, STM32G471RCT6, STM32G471RET3, STM32G471RET6, STM32G471VCH6, STM32G471VCI6, STM32G471VCT6, STM32G471VEH3, STM32G471VEH6, STM32G471VEI3, STM32G471VEI6, STM32G471VET3, STM32G471VET6, STM32G474CCT6, STM32L476VGY6PTR, STM32L4R5QGI6STR, STM32MP131AAE3, STM32MP131AAF3, STM32MP131AAG3, STM32MP131CAE3, STM32MP131CAF3, STM32MP131CAG3, STM32MP131DAE7, STM32MP131DAF7, STM32MP131DAG7, STM32MP131FAE7, STM32MP131FAF7, STM32MP131FAG7, STM32MP133AAE3, STM32MP133AAF3, STM32MP133AAG3, STM32MP133CAE3, STM32MP133CAF3, STM32MP133CAG3, STM32MP133DAE7, STM32MP133DAF7, STM32MP133DAG7, STM32MP133FAE7, STM32MP133FAF7, STM32MP133FAG7, STM32MP135AAE3, STM32MP135AAF3, STM32MP135AAG3, STM32MP135CAE3, STM32MP135CAF3, STM32MP135CAG3, STM32MP135DAE7, STM32MP135DAF7, STM32MP135DAG7, STM32MP135F-DK, STM32MP135FAE7, STM32MP135FAF7, STM32MP135FAG7, STM32U595ZJT6Q, STM32U599BJY6QTR, STM32U599NIH6Q, STM32U599NJH6Q, STM32U5A5ZJT6Q, STM32U5A9BJY6QTR, STM32U5A9NJH6Q, STM32WB1MMCH6]
2023-03-30 14:54:39,840 [INFO] DbMcus:215 - Found 3678 MCUs, 3678 are supported
2023-03-30 14:54:39,846 [INFO] ApiDb:418 - Load user favorites file C:\Users\MOSTAFA/.stm32cubeide/favorites.mcus.txt: 0 item(s)
2023-03-30 14:54:39,846 [INFO] ApiDb:422 - User favorites MCUs=[]
2023-03-30 14:54:39,847 [INFO] DbMcus:221 - Set 0 / 0 favorites MCUs
2023-03-30 14:54:43,044 [INFO] LoadUrlFilesThread:177 - End of LoadServerUrlFiles without Thread
2023-03-30 14:54:43,120 [INFO] DetailPanel:339 - Set advertising image to C:/Users/MOSTAFA/STM32Cube/Repository/\en.prom-stm32h5-mcu-finder.jpg
2023-03-30 14:54:45,723 [ERROR] LogOutputStream:74 - [STDERR_REDIRECT] SLF4J: Failed to load class "org.slf4j.impl.StaticLoggerBinder".
2023-03-30 14:54:45,728 [ERROR] LogOutputStream:74 - [STDERR_REDIRECT] SLF4J: Defaulting to no-operation (NOP) logger implementation
2023-03-30 14:54:45,733 [ERROR] LogOutputStream:74 - [STDERR_REDIRECT] SLF4J: See http://www.slf4j.org/codes.html#StaticLoggerBinder for further details.
2023-03-30 14:54:45,859 [INFO] ToolPreferences:109 - Table McuList, key=mcufinder_cubeide.mculist: column name not found=IO
2023-03-30 14:54:45,861 [INFO] ToolPreferences:109 - Table McuList, key=mcufinder_cubeide.mculist: column name not found=Freq.
2023-03-30 14:54:45,862 [INFO] MultiScanPanel:778 - Auto Refresh Data is not needed
2023-03-30 14:54:45,879 [INFO] ApiDb:663 - CubeFinder database Data Model version=2.1
2023-03-30 14:54:45,879 [INFO] ApiDb:664 - CubeFinder database Configuration version=3.0.35
2023-03-30 14:54:45,880 [INFO] ApiDb:665 - CubeFinder database generation date=2023-03-10 (1678456172)
2023-03-30 14:54:45,880 [INFO] ApiDb:666 - CubeFinder database FW Pack versions=[FP-ATR-ASTRA1_V1.1.1, STM32Cube_FW_C0_V1.0.1, STM32Cube_FW_F0_V1.11.4, STM32Cube_FW_F3_V1.11.4, STM32Cube_FW_F4_V1.27.1, STM32Cube_FW_F7_V1.17.0, STM32Cube_FW_G0_V1.6.1, STM32Cube_FW_G4_V1.5.1, STM32Cube_FW_H5_V0.5.1, STM32Cube_FW_H5_V1.0.0, STM32Cube_FW_H7_V1.11.0, STM32Cube_FW_L0_V1.12.2, STM32Cube_FW_L5_V1.5.0, STM32Cube_FW_U5_V1.2.0, STM32Cube_FW_WBA_V1.0.0, STM32Cube_FW_WBA_V1.0.0RC1, STM32Cube_FW_WBA_V1.0.0RC3, STM32Cube_FW_WB_V1.15.0RC1, STM32Cube_FW_WB_V1.16.0, STM32Cube_FW_WB_V1.16.0RC2, STM32Cube_FW_WL_V1.3.0, X-CUBE-ALGOBUILD_V1.3.0, X-CUBE-ALS_V1.0.1, X-CUBE-AZRTOS-F4_V1.1.0, X-CUBE-AZRTOS-F7_V1.1.0, X-CUBE-AZRTOS-G0_V1.1.0, X-CUBE-AZRTOS-G4_V1.0.0, X-CUBE-AZRTOS-H7_V3.0.0, X-CUBE-AZRTOS-L4_V1.0.0, X-CUBE-AZRTOS-L5_V1.1.0, X-CUBE-AZRTOS-WB_V1.1.0, X-CUBE-AZRTOS-WL_V1.0.0, X-CUBE-BLE1_V6.2.4, X-CUBE-BLE2_V3.3.0, X-CUBE-BLEMGR_V1.3.0, X-CUBE-EEPRMA1_V4.1.0, X-CUBE-GNSS1_V6.0.0, X-CUBE-MEMS1_V9.1.0, X-CUBE-MEMS1_V9.4.0, X-CUBE-MEMS1_V9.5.0, X-CUBE-NFC4_V3.0.0, X-CUBE-NFC7_V1.0.0, X-CUBE-SFXS2LP1_V4.0.0, X-CUBE-SUBG2_V5.0.0]
2023-03-30 14:54:46,118 [INFO] DbBoardsSqlite:227 - include board P-NUCLEO-WB55-NUCLEO as a kit item of type 'Nucleo-64'
2023-03-30 14:54:46,119 [INFO] DbBoardsSqlite:227 - include board P-NUCLEO-WB55-USBDONGLE as a kit item of type 'Nucleo USB Dongle'
2023-03-30 14:54:46,120 [INFO] DbBoardsSqlite:227 - include board STEVAL-IDP005V1 as a kit item of type 'Evaluation Board'
2023-03-30 14:54:46,121 [INFO] DbBoardsSqlite:227 - include board STEVAL-IDP005V2 as a kit item of type 'Evaluation Board'
2023-03-30 14:54:46,403 [INFO] ApiDb:239 - Found 138 in-development CPN: [B-WB1M-WPAN1, NUCLEO-C031C6, STEVAL-STWINBX1, STM320518-EVAL, STM32C0116-DK, STM32C011D6Y3TR, STM32C011D6Y6TR, STM32C011F4P3, STM32C011F4P6, STM32C011F4U3, STM32C011F4U6TR, STM32C011F6P3, STM32C011F6P6, STM32C011F6U3, STM32C011F6U6TR, STM32C011J4M3, STM32C011J4M6, STM32C011J6M3, STM32C011J6M6, STM32C0316-DK, STM32C031C4T3, STM32C031C4T6, STM32C031C4U3, STM32C031C4U6, STM32C031C6T3, STM32C031C6T6, STM32C031C6U3, STM32C031C6U6, STM32C031F4P3, STM32C031F4P6, STM32C031F6P3, STM32C031F6P6, STM32C031G4U3, STM32C031G4U6, STM32C031G6U3, STM32C031G6U6, STM32C031K4T3, STM32C031K4T6, STM32C031K4U3, STM32C031K4U6, STM32C031K6T3, STM32C031K6T6, STM32C031K6U3, STM32C031K6U6, STM32G071K8TXN, STM32G071K8UXN, STM32G081GBU6N, STM32G081KBT6N, STM32G081KBUXN, STM32G0B1CCT6N, STM32G0B1KCT6, STM32G0B1NEY6TR, STM32G0B1RCT6N, STM32G0C1CCT6, STM32G0C1CCT6N, STM32G0C1CCU6N, STM32G0C1CET6N, STM32G0C1CEU6N, STM32G0C1KCT6, STM32G0C1NEY6TR, STM32G0C1RCI6N, STM32G0C1RCT6N, STM32G0C1REI6N, STM32G0C1RET6N, STM32G0C1VCI6, STM32G0C1VEI6, STM32G471CCT6, STM32G471CCU6, STM32G471CET3, STM32G471CET6, STM32G471CEU3, STM32G471CEU6, STM32G471MCT6, STM32G471MET3, STM32G471MET6, STM32G471MEY6TR, STM32G471QCT6, STM32G471QET3, STM32G471RCT6, STM32G471RET3, STM32G471RET6, STM32G471VCH6, STM32G471VCI6, STM32G471VCT6, STM32G471VEH3, STM32G471VEH6, STM32G471VEI3, STM32G471VEI6, STM32G471VET3, STM32G471VET6, STM32G474CCT6, STM32L476VGY6PTR, STM32L4R5QGI6STR, STM32MP131AAE3, STM32MP131AAF3, STM32MP131AAG3, STM32MP131CAE3, STM32MP131CAF3, STM32MP131CAG3, STM32MP131DAE7, STM32MP131DAF7, STM32MP131DAG7, STM32MP131FAE7, STM32MP131FAF7, STM32MP131FAG7, STM32MP133AAE3, STM32MP133AAF3, STM32MP133AAG3, STM32MP133CAE3, STM32MP133CAF3, STM32MP133CAG3, STM32MP133DAE7, STM32MP133DAF7, STM32MP133DAG7, STM32MP133FAE7, STM32MP133FAF7, STM32MP133FAG7, STM32MP135AAE3, STM32MP135AAF3, STM32MP135AAG3, STM32MP135CAE3, STM32MP135CAF3, STM32MP135CAG3, STM32MP135DAE7, STM32MP135DAF7, STM32MP135DAG7, STM32MP135F-DK, STM32MP135FAE7, STM32MP135FAF7, STM32MP135FAG7, STM32U595ZJT6Q, STM32U599BJY6QTR, STM32U599NIH6Q, STM32U599NJH6Q, STM32U5A5ZJT6Q, STM32U5A9BJY6QTR, STM32U5A9NJH6Q, STM32WB1MMCH6]
2023-03-30 14:54:46,888 [INFO] BoardInfo:879 - No configuration file found for board P-NUCLEO-WB55
2023-03-30 14:54:46,888 [INFO] DbBoards:156 - Kit is not supported: P-NUCLEO-WB55
2023-03-30 14:54:46,921 [INFO] BoardInfo:879 - No configuration file found for board STEVAL-BFA001V1B
2023-03-30 14:54:46,922 [INFO] DbBoards:156 - Kit is not supported: STEVAL-BFA001V1B
2023-03-30 14:54:46,930 [INFO] BoardInfo:879 - No configuration file found for board STEVAL-BFA001V2B
2023-03-30 14:54:46,930 [INFO] DbBoards:156 - Kit is not supported: STEVAL-BFA001V2B
2023-03-30 14:54:46,949 [INFO] BoardInfo:879 - No configuration file found for board STEVAL-PROTEUS1
2023-03-30 14:54:46,950 [INFO] DbBoards:156 - Board is not supported: STEVAL-PROTEUS1
2023-03-30 14:54:47,620 [INFO] DbBoards:160 - Found 178 boards, 174 are supported
2023-03-30 14:54:47,634 [INFO] ApiDb:418 - Load user favorites file C:\Users\MOSTAFA/.stm32cubeide/favorites.boards.txt: 0 item(s)
2023-03-30 14:54:47,634 [INFO] ApiDb:422 - User favorites Boards=[]
2023-03-30 14:54:47,635 [INFO] DbBoards:189 - Set 0 / 0 favorites Boards
2023-03-30 14:55:39,343 [INFO] McuFinderGlobals:57 - Set McuFinderConnectedMode to true
2023-03-30 14:55:39,347 [INFO] ApiDb:443 - Save user favorites file C:\Users\MOSTAFA/.stm32cubeide/favorites.mcus.txt: 0 item(s)
2023-03-30 14:55:39,347 [INFO] ApiDb:447 - User favorites MCUs=[]
2023-03-30 16:32:52,309 [ERROR] LogOutputStream:74 - [STDERR_REDIRECT] Warning: NLS missing message: ExternalToolsPreferencePage_External_tool_project_builders_migration_2 in: org.eclipse.ui.externaltools.internal.ui.ExternalToolsUIMessages
2023-03-30 16:32:52,319 [ERROR] LogOutputStream:74 - [STDERR_REDIRECT] Warning: NLS missing message: ExternalToolsPreferencePage_Prompt_before_migrating_3 in: org.eclipse.ui.externaltools.internal.ui.ExternalToolsUIMessages
2023-03-30 16:32:52,324 [ERROR] LogOutputStream:74 - [STDERR_REDIRECT] Warning: NLS missing message: ExternalToolsPreferencePage_1 in: org.eclipse.ui.externaltools.internal.ui.ExternalToolsUIMessages
2023-03-30 17:03:13,606 [INFO] Activator:177 - 


2023-03-30 17:03:13,609 [INFO] Activator:178 - !SESSION log4j initialized
2023-03-30 17:03:52,075 [ERROR] LogOutputStream:74 - [STDERR_REDIRECT] SLF4J: Failed to load class "org.slf4j.impl.StaticLoggerBinder".
2023-03-30 17:03:52,076 [ERROR] LogOutputStream:74 - [STDERR_REDIRECT] SLF4J: Defaulting to no-operation (NOP) logger implementation
2023-03-30 17:03:52,080 [ERROR] LogOutputStream:74 - [STDERR_REDIRECT] SLF4J: See http://www.slf4j.org/codes.html#StaticLoggerBinder for further details.
2023-03-30 18:37:27,846 [ERROR] LogOutputStream:74 - [STDERR_REDIRECT] Warning: NLS missing message: ExternalToolsPreferencePage_External_tool_project_builders_migration_2 in: org.eclipse.ui.externaltools.internal.ui.ExternalToolsUIMessages
2023-03-30 18:37:27,857 [ERROR] LogOutputStream:74 - [STDERR_REDIRECT] Warning: NLS missing message: ExternalToolsPreferencePage_Prompt_before_migrating_3 in: org.eclipse.ui.externaltools.internal.ui.ExternalToolsUIMessages
2023-03-30 18:37:27,861 [ERROR] LogOutputStream:74 - [STDERR_REDIRECT] Warning: NLS missing message: ExternalToolsPreferencePage_1 in: org.eclipse.ui.externaltools.internal.ui.ExternalToolsUIMessages
